
Listening on http://127.0.0.1:41661

Attaching package: ‘lubridate’

The following object is masked from ‘package:base’:

    date

Loading required package: magrittr

Attaching package: ‘imager’

The following object is masked from ‘package:magrittr’:

    add

The following objects are masked from ‘package:stats’:

    convolve, spectrum

The following object is masked from ‘package:graphics’:

    frame

The following object is masked from ‘package:base’:

    save.image

── Attaching packages ─────────────────────────────────────── tidyverse 1.2.1 ──
✔ ggplot2 3.2.1     ✔ purrr   0.3.2
✔ tibble  2.1.3     ✔ dplyr   0.8.3
✔ tidyr   0.8.3     ✔ stringr 1.4.0
✔ readr   1.3.1     ✔ forcats 0.4.0
── Conflicts ────────────────────────────────────────── tidyverse_conflicts() ──
✖ imager::add()            masks magrittr::add()
✖ lubridate::as.difftime() masks base::as.difftime()
✖ stringr::boundary()      masks imager::boundary()
✖ lubridate::date()        masks base::date()
✖ tidyr::extract()         masks magrittr::extract()
✖ tidyr::fill()            masks imager::fill()
✖ dplyr::filter()          masks stats::filter()
✖ lubridate::intersect()   masks base::intersect()
✖ dplyr::lag()             masks stats::lag()
✖ purrr::set_names()       masks magrittr::set_names()
✖ lubridate::setdiff()     masks base::setdiff()
✖ lubridate::union()       masks base::union()


Execution halted
